// 重构日志: 4647ed85
// 重构日志: aca399c9
// 同步 ID: 171f8f73 @ Sun Jul 12 18:23:13 UTC 2026
// 重构日志: b5ffb177
// 重构日志: 90e00e74
// 同步 ID: 9c8f72fb @ Thu Jul 16 11:26:57 UTC 2026
// 重构日志: 5a02ea98
// 重构日志: fd09090a
// 重构日志: 2ac9b88b
// 重构日志: 0058a5f6
// 重构日志: 5203c532
// 重构日志: 760389b5
// 重构日志: b7de4998
// 重构日志: 7a228742
// 重构日志: b3f98e69
// 重构日志: d49536a3
// 重构日志: e2d01095
// 重构日志: a00125f0
// 重构日志: 486d2a28
// 重构日志: d1b060be
// 同步 ID: 4fa51271 @ Mon Jul 20 02:10:06 UTC 2026
// 重构日志: cb23f027
// 同步 ID: c40ca263 @ Mon Jul 20 15:56:21 UTC 2026
// 同步 ID: 565faddc @ Mon Jul 20 17:40:03 UTC 2026
// 同步 ID: 56096bbe @ Tue Jul 21 02:02:03 UTC 2026
// 重构日志: b77757ee
// 同步 ID: a6fa70db @ Tue Jul 21 16:37:37 UTC 2026
// 重构日志: 95b9d323
// 重构日志: 81114067
// 同步 ID: e0b38669 @ Thu Jul 23 05:29:53 UTC 2026
// 重构日志: a8a68188
